
New session started at: 2023-02-19T13:10:28+06:00
ERROR: 2023/02/19 13:10:33 logging.go:52: Error backing up database: must provide at least one element in input slice

New session started at: 2023-02-19T13:10:50+06:00
ERROR: 2023/02/19 13:10:52 logging.go:52: Error backing up database: must provide at least one element in input slice

New session started at: 2023-02-19T13:14:38+06:00
ERROR: 2023/02/19 13:14:40 logging.go:52: Error backing up database: must provide at least one element in input slice

New session started at: 2023-02-19T13:15:21+06:00
ERROR: 2023/02/19 13:15:23 logging.go:52: Error backing up database: must provide at least one element in input slice

New session started at: 2023-02-19T13:15:44+06:00
ERROR: 2023/02/19 13:15:46 logging.go:52: Error backing up database: must provide at least one element in input slice

New session started at: 2023-02-19T13:16:26+06:00
ERROR: 2023/02/19 13:16:28 logging.go:52: Error backing up database: must provide at least one element in input slice

New session started at: 2023-02-19T13:16:46+06:00
ERROR: 2023/02/19 13:16:48 logging.go:52: Error backing up database: must provide at least one element in input slice

New session started at: 2023-02-19T13:22:39+06:00
ERROR: 2023/02/19 13:23:09 logging.go:52: Error backing up database: must provide at least one element in input slice

New session started at: 2023-02-19T13:24:23+06:00
ERROR: 2023/02/19 13:24:28 logging.go:52: Error backing up database: must provide at least one element in input slice

New session started at: 2023-02-19T13:27:36+06:00
ERROR: 2023/02/19 13:27:39 logging.go:52: Error backing up database: must provide at least one element in input slice

New session started at: 2023-02-27T19:02:10+06:00

New session started at: 2023-02-27T19:10:10+06:00

New session started at: 2023-02-27T19:10:25+06:00

New session started at: 2023-02-27T19:14:05+06:00

New session started at: 2023-02-27T19:16:35+06:00
ERROR: 2023/02/27 19:17:00 logging.go:52: Error signing token:  key is of invalid type: expected []byte, received string
ERROR: 2023/02/27 19:18:20 logging.go:52: Error signing token:  key is of invalid type: expected []byte, received string
ERROR: 2023/02/27 19:19:09 logging.go:52: Error signing token:  key is of invalid type: expected []byte, received string

New session started at: 2023-02-27T19:21:27+06:00

New session started at: 2023-02-27T19:37:33+06:00

New session started at: 2023-02-27T19:38:39+06:00

New session started at: 2023-02-27T19:39:15+06:00

New session started at: 2023-02-27T19:47:58+06:00

New session started at: 2023-02-27T20:00:29+06:00
ERROR: 2023/02/27 20:11:34 logging.go:52: Error finding one document in products using this filter map[order:1], Error:  mongo: no documents in result
ERROR: 2023/02/27 20:12:38 logging.go:52: Error finding one document in products using this filter map[order:1], Error:  mongo: no documents in result

New session started at: 2023-02-27T20:27:38+06:00

New session started at: 2023-03-07T19:30:23+06:00
ERROR: 2023/03/07 19:31:11 logging.go:52: Error parsing token:  token is malformed: token contains an invalid number of segments
ERROR: 2023/03/07 19:31:11 logging.go:52: Error parsing token:  token is malformed: token contains an invalid number of segments

New session started at: 2023-03-07T19:46:54+06:00
ERROR: 2023/03/07 20:28:18 logging.go:52: Error finding one document in products using this filter map[_id:map[product:{ObjectID("64073c95bded0a21276615e5") %!s(int32=1) Product B Brand B This is a sample 2 product. [https://m.media-amazon.com/images/I/71-ZP9hUVVL._AC_SY355_.jpg] Type B [map[option:red optionId:1 price:23 quantity:2]]}]], Error:  mongo: no documents in result
ERROR: 2023/03/07 20:28:18 logging.go:52: Error finding one document in products using this filter map[_id:map[product:{ObjectID("64073c95bded0a21276615e5") %!s(int32=1) Product B Brand B This is a sample 2 product. [https://m.media-amazon.com/images/I/71-ZP9hUVVL._AC_SY355_.jpg] Type B [map[option:red optionId:1 price:23 quantity:2]]}]], Error:  mongo: no documents in result
ERROR: 2023/03/07 20:36:39 logging.go:52: Error finding one document in products using this filter map[_id:map[product:{ObjectID("64073c95bded0a21276615e5") %!s(int32=1) Product B Brand B This is a sample 2 product. [https://m.media-amazon.com/images/I/71-ZP9hUVVL._AC_SY355_.jpg] Type B [map[option:red optionId:1 price:23 quantity:2]]}]], Error:  mongo: no documents in result
ERROR: 2023/03/07 20:36:39 logging.go:52: Error finding one document in products using this filter map[_id:map[product:{ObjectID("64073c95bded0a21276615e5") %!s(int32=1) Product B Brand B This is a sample 2 product. [https://m.media-amazon.com/images/I/71-ZP9hUVVL._AC_SY355_.jpg] Type B [map[option:red optionId:1 price:23 quantity:2]]}]], Error:  mongo: no documents in result

New session started at: 2023-03-08T16:33:49+06:00

New session started at: 2023-03-08T22:01:33+06:00

New session started at: 2023-03-08T22:08:37+06:00

New session started at: 2023-03-09T18:28:21+06:00

New session started at: 2023-03-09T18:31:56+06:00
ERROR: 2023/03/09 18:32:00 logging.go:52: Error finding products by name results argument must be a pointer to a slice, but was a slice

New session started at: 2023-03-09T18:37:31+06:00
ERROR: 2023/03/09 18:38:36 logging.go:52: Error finding products by name results argument must be a pointer to a slice, but was a slice

New session started at: 2023-03-09T18:45:51+06:00
ERROR: 2023/03/09 18:45:55 logging.go:52: Error decoding search result in products using this filter [{$text [{$search "razor"}]}], Error:  results argument must be a pointer to a slice, but was a slice

New session started at: 2023-03-09T18:49:25+06:00
ERROR: 2023/03/09 18:49:44 logging.go:52: Error decoding search result in products using this filter [{$text [{$search "razor"}]}], Error:  results argument must be a pointer to a slice, but was a pointer to ptr

New session started at: 2023-03-09T18:51:20+06:00

New session started at: 2023-03-09T19:48:26+06:00

New session started at: 2023-03-12T12:20:21+06:00

New session started at: 2023-03-19T18:36:49+06:00

New session started at: 2023-03-19T18:41:34+06:00

New session started at: 2023-03-19T18:45:20+06:00

New session started at: 2023-03-19T18:49:06+06:00

New session started at: 2023-03-20T15:26:33+06:00

New session started at: 2023-03-20T15:32:52+06:00

New session started at: 2023-03-20T15:36:18+06:00

New session started at: 2023-03-20T15:46:39+06:00

New session started at: 2023-03-20T15:54:32+06:00

New session started at: 2023-03-20T15:58:06+06:00

New session started at: 2023-03-20T16:00:23+06:00

New session started at: 2023-03-20T16:06:16+06:00

New session started at: 2023-03-20T16:26:36+06:00

New session started at: 2023-03-23T12:45:13+06:00

New session started at: 2023-03-23T12:48:36+06:00
ERROR: 2023/03/23 12:48:43 logging.go:52: Error parsing token:  token is malformed: token contains an invalid number of segments
ERROR: 2023/03/23 12:48:43 logging.go:52: Error parsing token:  token is malformed: token contains an invalid number of segments

New session started at: 2023-03-23T12:54:09+06:00
ERROR: 2023/03/23 13:17:32 logging.go:52: Error parsing token:  token is malformed: token contains an invalid number of segments
ERROR: 2023/03/23 13:17:32 logging.go:52: Error parsing token:  token is malformed: token contains an invalid number of segments
ERROR: 2023/03/23 13:17:37 logging.go:52: Error parsing token:  token is malformed: token contains an invalid number of segments
ERROR: 2023/03/23 13:17:37 logging.go:52: Error parsing token:  token is malformed: token contains an invalid number of segments
ERROR: 2023/03/23 13:28:23 logging.go:52: Error parsing token:  token is malformed: token contains an invalid number of segments

New session started at: 2023-03-23T23:33:54+06:00
ERROR: 2023/03/23 23:40:10 logging.go:52: Error parsing token:  token is malformed: token contains an invalid number of segments
ERROR: 2023/03/23 23:40:10 logging.go:52: Error parsing token:  token is malformed: token contains an invalid number of segments
ERROR: 2023/03/23 23:40:10 logging.go:52: Error parsing token:  token is malformed: token contains an invalid number of segments
ERROR: 2023/03/23 23:40:10 logging.go:52: Error parsing token:  token is malformed: token contains an invalid number of segments
ERROR: 2023/03/23 23:40:10 logging.go:52: Error parsing token:  token is malformed: token contains an invalid number of segments
ERROR: 2023/03/23 23:40:10 logging.go:52: Error parsing token:  token is malformed: token contains an invalid number of segments
ERROR: 2023/03/23 23:40:10 logging.go:52: Error parsing token:  token is malformed: token contains an invalid number of segments
ERROR: 2023/03/23 23:40:10 logging.go:52: Error parsing token:  token is malformed: token contains an invalid number of segments
ERROR: 2023/03/23 23:40:10 logging.go:52: Error parsing token:  token is malformed: token contains an invalid number of segments
ERROR: 2023/03/23 23:49:02 logging.go:52: Error parsing token:  token is malformed: token contains an invalid number of segments
ERROR: 2023/03/23 23:49:02 logging.go:52: Error parsing token:  token is malformed: token contains an invalid number of segments
ERROR: 2023/03/23 23:49:02 logging.go:52: Error parsing token:  token is malformed: token contains an invalid number of segments
ERROR: 2023/03/23 23:49:02 logging.go:52: Error parsing token:  token is malformed: token contains an invalid number of segments
ERROR: 2023/03/23 23:49:02 logging.go:52: Error parsing token:  token is malformed: token contains an invalid number of segments
ERROR: 2023/03/23 23:49:02 logging.go:52: Error parsing token:  token is malformed: token contains an invalid number of segments
ERROR: 2023/03/23 23:49:02 logging.go:52: Error parsing token:  token is malformed: token contains an invalid number of segments
ERROR: 2023/03/23 23:49:02 logging.go:52: Error parsing token:  token is malformed: token contains an invalid number of segments
ERROR: 2023/03/23 23:49:02 logging.go:52: Error parsing token:  token is malformed: token contains an invalid number of segments
ERROR: 2023/03/24 00:00:47 logging.go:52: Error parsing token:  token is malformed: token contains an invalid number of segments
ERROR: 2023/03/24 00:00:47 logging.go:52: Error parsing token:  token is malformed: token contains an invalid number of segments
ERROR: 2023/03/24 00:00:58 logging.go:52: Error parsing token:  token is malformed: token contains an invalid number of segments
ERROR: 2023/03/24 00:00:58 logging.go:52: Error parsing token:  token is malformed: token contains an invalid number of segments
ERROR: 2023/03/24 00:01:02 logging.go:52: Error parsing token:  token is malformed: token contains an invalid number of segments
ERROR: 2023/03/24 00:01:02 logging.go:52: Error parsing token:  token is malformed: token contains an invalid number of segments
ERROR: 2023/03/24 00:01:05 logging.go:52: Error parsing token:  token is malformed: token contains an invalid number of segments
ERROR: 2023/03/24 00:01:05 logging.go:52: Error parsing token:  token is malformed: token contains an invalid number of segments
ERROR: 2023/03/24 00:01:45 logging.go:52: Error parsing token:  token is malformed: token contains an invalid number of segments
ERROR: 2023/03/24 00:01:45 logging.go:52: Error parsing token:  token is malformed: token contains an invalid number of segments
ERROR: 2023/03/24 00:01:54 logging.go:52: Error parsing token:  token is malformed: token contains an invalid number of segments
ERROR: 2023/03/24 00:01:54 logging.go:52: Error parsing token:  token is malformed: token contains an invalid number of segments
ERROR: 2023/03/24 00:04:07 logging.go:52: Error parsing token:  token is malformed: token contains an invalid number of segments
ERROR: 2023/03/24 00:04:07 logging.go:52: Error parsing token:  token is malformed: token contains an invalid number of segments
ERROR: 2023/03/24 00:04:11 logging.go:52: Error parsing token:  token is malformed: token contains an invalid number of segments
ERROR: 2023/03/24 00:04:11 logging.go:52: Error parsing token:  token is malformed: token contains an invalid number of segments
ERROR: 2023/03/24 00:04:13 logging.go:52: Error parsing token:  token is malformed: token contains an invalid number of segments
ERROR: 2023/03/24 00:04:13 logging.go:52: Error parsing token:  token is malformed: token contains an invalid number of segments
ERROR: 2023/03/24 00:04:25 logging.go:52: Error parsing token:  token is malformed: token contains an invalid number of segments
ERROR: 2023/03/24 00:04:25 logging.go:52: Error parsing token:  token is malformed: token contains an invalid number of segments
ERROR: 2023/03/24 00:04:46 logging.go:52: Error parsing token:  token is malformed: token contains an invalid number of segments
ERROR: 2023/03/24 00:04:46 logging.go:52: Error parsing token:  token is malformed: token contains an invalid number of segments
ERROR: 2023/03/24 00:05:04 logging.go:52: Error parsing token:  token is malformed: token contains an invalid number of segments
ERROR: 2023/03/24 00:05:04 logging.go:52: Error parsing token:  token is malformed: token contains an invalid number of segments
ERROR: 2023/03/24 00:05:14 logging.go:52: Error parsing token:  token is malformed: token contains an invalid number of segments
ERROR: 2023/03/24 00:05:14 logging.go:52: Error parsing token:  token is malformed: token contains an invalid number of segments

New session started at: 2023-03-24T11:56:51+06:00
ERROR: 2023/03/24 11:57:49 logging.go:52: Error parsing token:  token is malformed: token contains an invalid number of segments
ERROR: 2023/03/24 11:57:49 logging.go:52: Error parsing token:  token is malformed: token contains an invalid number of segments
ERROR: 2023/03/24 12:00:08 logging.go:52: Error parsing token:  token is malformed: token contains an invalid number of segments
ERROR: 2023/03/24 12:00:08 logging.go:52: Error parsing token:  token is malformed: token contains an invalid number of segments

New session started at: 2023-03-24T13:01:21+06:00

New session started at: 2023-03-24T13:01:58+06:00

New session started at: 2023-03-25T22:17:03+06:00
ERROR: 2023/03/25 22:21:57 logging.go:52: Error parsing token:  token is malformed: token contains an invalid number of segments
ERROR: 2023/03/25 22:21:57 logging.go:52: Error parsing token:  token is malformed: token contains an invalid number of segments
ERROR: 2023/03/25 23:35:31 logging.go:52: Error parsing token:  token is malformed: token contains an invalid number of segments
ERROR: 2023/03/25 23:35:32 logging.go:52: Error parsing token:  token is malformed: token contains an invalid number of segments
ERROR: 2023/03/25 23:35:34 logging.go:52: Error parsing token:  token is malformed: token contains an invalid number of segments
ERROR: 2023/03/25 23:35:36 logging.go:52: Error parsing token:  token is malformed: token contains an invalid number of segments
ERROR: 2023/03/25 23:35:37 logging.go:52: Error parsing token:  token is malformed: token contains an invalid number of segments
ERROR: 2023/03/25 23:35:39 logging.go:52: Error parsing token:  token is malformed: token contains an invalid number of segments
ERROR: 2023/03/25 23:35:43 logging.go:52: Error parsing token:  token is malformed: token contains an invalid number of segments
ERROR: 2023/03/25 23:36:10 logging.go:52: Error parsing token:  token is malformed: token contains an invalid number of segments
ERROR: 2023/03/25 23:36:11 logging.go:52: Error parsing token:  token is malformed: token contains an invalid number of segments
ERROR: 2023/03/25 23:36:12 logging.go:52: Error parsing token:  token is malformed: token contains an invalid number of segments
ERROR: 2023/03/25 23:36:13 logging.go:52: Error parsing token:  token is malformed: token contains an invalid number of segments
ERROR: 2023/03/25 23:36:15 logging.go:52: Error parsing token:  token is malformed: token contains an invalid number of segments
ERROR: 2023/03/25 23:36:16 logging.go:52: Error parsing token:  token is malformed: token contains an invalid number of segments
ERROR: 2023/03/25 23:36:18 logging.go:52: Error parsing token:  token is malformed: token contains an invalid number of segments
ERROR: 2023/03/25 23:36:22 logging.go:52: Error parsing token:  token is malformed: token contains an invalid number of segments
ERROR: 2023/03/25 23:36:36 logging.go:52: Error parsing token:  token is malformed: token contains an invalid number of segments
ERROR: 2023/03/25 23:36:37 logging.go:52: Error parsing token:  token is malformed: token contains an invalid number of segments
ERROR: 2023/03/25 23:36:39 logging.go:52: Error parsing token:  token is malformed: token contains an invalid number of segments
ERROR: 2023/03/25 23:36:43 logging.go:52: Error parsing token:  token is malformed: token contains an invalid number of segments
ERROR: 2023/03/25 23:36:45 logging.go:52: Error parsing token:  token is malformed: token contains an invalid number of segments
ERROR: 2023/03/25 23:36:47 logging.go:52: Error parsing token:  token is malformed: token contains an invalid number of segments
ERROR: 2023/03/25 23:36:48 logging.go:52: Error parsing token:  token is malformed: token contains an invalid number of segments
ERROR: 2023/03/25 23:36:50 logging.go:52: Error parsing token:  token is malformed: token contains an invalid number of segments
ERROR: 2023/03/25 23:36:54 logging.go:52: Error parsing token:  token is malformed: token contains an invalid number of segments
ERROR: 2023/03/25 23:37:06 logging.go:52: Error parsing token:  token is malformed: token contains an invalid number of segments
ERROR: 2023/03/25 23:37:07 logging.go:52: Error parsing token:  token is malformed: token contains an invalid number of segments
ERROR: 2023/03/25 23:37:09 logging.go:52: Error parsing token:  token is malformed: token contains an invalid number of segments
ERROR: 2023/03/25 23:37:13 logging.go:52: Error parsing token:  token is malformed: token contains an invalid number of segments
ERROR: 2023/03/25 23:37:16 logging.go:52: Error parsing token:  token is malformed: token contains an invalid number of segments
ERROR: 2023/03/25 23:37:17 logging.go:52: Error parsing token:  token is malformed: token contains an invalid number of segments
ERROR: 2023/03/25 23:37:19 logging.go:52: Error parsing token:  token is malformed: token contains an invalid number of segments
ERROR: 2023/03/25 23:37:24 logging.go:52: Error parsing token:  token is malformed: token contains an invalid number of segments
ERROR: 2023/03/25 23:37:27 logging.go:52: Error parsing token:  token is malformed: token contains an invalid number of segments
ERROR: 2023/03/25 23:37:28 logging.go:52: Error parsing token:  token is malformed: token contains an invalid number of segments
ERROR: 2023/03/25 23:37:30 logging.go:52: Error parsing token:  token is malformed: token contains an invalid number of segments
ERROR: 2023/03/25 23:37:34 logging.go:52: Error parsing token:  token is malformed: token contains an invalid number of segments
ERROR: 2023/03/25 23:37:36 logging.go:52: Error parsing token:  token is malformed: token contains an invalid number of segments
ERROR: 2023/03/25 23:37:37 logging.go:52: Error parsing token:  token is malformed: token contains an invalid number of segments
ERROR: 2023/03/25 23:37:39 logging.go:52: Error parsing token:  token is malformed: token contains an invalid number of segments
ERROR: 2023/03/25 23:37:43 logging.go:52: Error parsing token:  token is malformed: token contains an invalid number of segments
ERROR: 2023/03/25 23:38:50 logging.go:52: Error parsing token:  token is malformed: token contains an invalid number of segments
ERROR: 2023/03/25 23:38:51 logging.go:52: Error parsing token:  token is malformed: token contains an invalid number of segments
ERROR: 2023/03/25 23:38:53 logging.go:52: Error parsing token:  token is malformed: token contains an invalid number of segments
ERROR: 2023/03/25 23:38:56 logging.go:52: Error parsing token:  token is malformed: token contains an invalid number of segments
ERROR: 2023/03/25 23:38:57 logging.go:52: Error parsing token:  token is malformed: token contains an invalid number of segments
ERROR: 2023/03/25 23:39:00 logging.go:52: Error parsing token:  token is malformed: token contains an invalid number of segments
ERROR: 2023/03/25 23:39:01 logging.go:52: Error parsing token:  token is malformed: token contains an invalid number of segments
ERROR: 2023/03/25 23:39:03 logging.go:52: Error parsing token:  token is malformed: token contains an invalid number of segments
ERROR: 2023/03/25 23:39:07 logging.go:52: Error parsing token:  token is malformed: token contains an invalid number of segments
ERROR: 2023/03/25 23:39:10 logging.go:52: Error parsing token:  token is malformed: token contains an invalid number of segments
ERROR: 2023/03/25 23:39:11 logging.go:52: Error parsing token:  token is malformed: token contains an invalid number of segments
ERROR: 2023/03/25 23:39:13 logging.go:52: Error parsing token:  token is malformed: token contains an invalid number of segments
ERROR: 2023/03/25 23:39:17 logging.go:52: Error parsing token:  token is malformed: token contains an invalid number of segments
ERROR: 2023/03/25 23:39:41 logging.go:52: Error parsing token:  token is malformed: token contains an invalid number of segments
ERROR: 2023/03/25 23:39:41 logging.go:52: Error parsing token:  token is malformed: token contains an invalid number of segments
ERROR: 2023/03/25 23:43:05 logging.go:52: Error parsing token:  token is malformed: token contains an invalid number of segments
ERROR: 2023/03/25 23:43:05 logging.go:52: Error parsing token:  token is malformed: token contains an invalid number of segments
ERROR: 2023/03/25 23:43:09 logging.go:52: Error parsing token:  token is malformed: token contains an invalid number of segments
ERROR: 2023/03/25 23:43:09 logging.go:52: Error parsing token:  token is malformed: token contains an invalid number of segments
ERROR: 2023/03/25 23:45:10 logging.go:52: Error parsing token:  token is malformed: token contains an invalid number of segments
ERROR: 2023/03/25 23:45:10 logging.go:52: Error parsing token:  token is malformed: token contains an invalid number of segments
ERROR: 2023/03/25 23:45:10 logging.go:52: Error parsing token:  token is malformed: token contains an invalid number of segments
ERROR: 2023/03/25 23:45:10 logging.go:52: Error parsing token:  token is malformed: token contains an invalid number of segments
ERROR: 2023/03/25 23:45:11 logging.go:52: Error parsing token:  token is malformed: token contains an invalid number of segments
ERROR: 2023/03/25 23:45:13 logging.go:52: Error parsing token:  token is malformed: token contains an invalid number of segments
ERROR: 2023/03/26 00:10:20 logging.go:52: Error parsing token:  token is malformed: token contains an invalid number of segments
ERROR: 2023/03/26 00:10:25 logging.go:52: Error parsing token:  token is malformed: token contains an invalid number of segments
ERROR: 2023/03/26 00:10:26 logging.go:52: Error parsing token:  token is malformed: token contains an invalid number of segments
ERROR: 2023/03/26 00:10:28 logging.go:52: Error parsing token:  token is malformed: token contains an invalid number of segments
ERROR: 2023/03/26 00:10:28 logging.go:52: Error parsing token:  token is malformed: token contains an invalid number of segments
ERROR: 2023/03/26 00:10:28 logging.go:52: Error parsing token:  token is malformed: token contains an invalid number of segments
ERROR: 2023/03/26 00:10:28 logging.go:52: Error parsing token:  token is malformed: token contains an invalid number of segments
ERROR: 2023/03/26 00:10:34 logging.go:52: Error parsing token:  token is malformed: token contains an invalid number of segments
ERROR: 2023/03/26 00:10:34 logging.go:52: Error parsing token:  token is malformed: token contains an invalid number of segments
ERROR: 2023/03/26 00:10:40 logging.go:52: Error parsing token:  token is malformed: token contains an invalid number of segments
ERROR: 2023/03/26 00:10:40 logging.go:52: Error parsing token:  token is malformed: token contains an invalid number of segments
ERROR: 2023/03/26 00:10:43 logging.go:52: Error parsing token:  token is malformed: token contains an invalid number of segments
ERROR: 2023/03/26 00:10:43 logging.go:52: Error parsing token:  token is malformed: token contains an invalid number of segments
ERROR: 2023/03/26 00:11:01 logging.go:52: Error parsing token:  token is malformed: token contains an invalid number of segments
ERROR: 2023/03/26 00:11:01 logging.go:52: Error parsing token:  token is malformed: token contains an invalid number of segments
ERROR: 2023/03/26 00:11:39 logging.go:52: Error parsing token:  token is malformed: token contains an invalid number of segments
ERROR: 2023/03/26 00:11:39 logging.go:52: Error parsing token:  token is malformed: token contains an invalid number of segments
ERROR: 2023/03/26 00:11:42 logging.go:52: Error parsing token:  token is malformed: token contains an invalid number of segments
ERROR: 2023/03/26 00:11:42 logging.go:52: Error parsing token:  token is malformed: token contains an invalid number of segments
ERROR: 2023/03/26 00:11:46 logging.go:52: Error parsing token:  token is malformed: token contains an invalid number of segments
ERROR: 2023/03/26 00:11:46 logging.go:52: Error parsing token:  token is malformed: token contains an invalid number of segments

New session started at: 2023-03-26T18:31:01+06:00

New session started at: 2023-03-26T18:36:43+06:00
ERROR: 2023/03/26 18:47:42 logging.go:52: Error parsing token:  token is malformed: token contains an invalid number of segments
ERROR: 2023/03/26 18:47:42 logging.go:52: Error parsing token:  token is malformed: token contains an invalid number of segments
ERROR: 2023/03/26 18:49:40 logging.go:52: Error parsing token:  token is malformed: token contains an invalid number of segments
ERROR: 2023/03/26 18:49:40 logging.go:52: Error parsing token:  token is malformed: token contains an invalid number of segments
ERROR: 2023/03/26 18:50:51 logging.go:52: Error parsing token:  token is malformed: token contains an invalid number of segments
ERROR: 2023/03/26 18:50:51 logging.go:52: Error parsing token:  token is malformed: token contains an invalid number of segments
ERROR: 2023/03/26 18:51:47 logging.go:52: Error parsing token:  token is malformed: token contains an invalid number of segments
ERROR: 2023/03/26 18:51:47 logging.go:52: Error parsing token:  token is malformed: token contains an invalid number of segments
ERROR: 2023/03/26 18:55:10 logging.go:52: Error parsing token:  token is malformed: token contains an invalid number of segments
ERROR: 2023/03/26 18:55:15 logging.go:52: Error parsing token:  token is malformed: token contains an invalid number of segments
ERROR: 2023/03/26 18:55:27 logging.go:52: Error parsing token:  token is malformed: token contains an invalid number of segments
ERROR: 2023/03/26 18:55:27 logging.go:52: Error parsing token:  token is malformed: token contains an invalid number of segments
ERROR: 2023/03/26 18:55:43 logging.go:52: Error parsing token:  token is malformed: token contains an invalid number of segments
ERROR: 2023/03/26 18:55:47 logging.go:52: Error parsing token:  token is malformed: token contains an invalid number of segments
ERROR: 2023/03/26 18:55:47 logging.go:52: Error parsing token:  token is malformed: token contains an invalid number of segments
ERROR: 2023/03/26 18:57:18 logging.go:52: Error parsing token:  token is malformed: token contains an invalid number of segments
ERROR: 2023/03/26 18:57:18 logging.go:52: Error parsing token:  token is malformed: token contains an invalid number of segments
ERROR: 2023/03/26 18:57:20 logging.go:52: Error parsing token:  token is malformed: token contains an invalid number of segments
ERROR: 2023/03/26 18:57:20 logging.go:52: Error parsing token:  token is malformed: token contains an invalid number of segments

New session started at: 2023-03-26T19:29:41+06:00

New session started at: 2023-03-26T19:32:58+06:00
