
New session started at: 2023-02-19T13:10:28+06:00
INFO: 2023/02/19 13:10:28 logging.go:44: Connecting to MongoDB...
INFO: 2023/02/19 13:10:28 logging.go:44: Successfully connected to MongoDB!
INFO: 2023/02/19 13:10:33 logging.go:44: Making backup...
INFO: 2023/02/19 13:10:33 logging.go:44: Backup complete

New session started at: 2023-02-19T13:10:50+06:00
INFO: 2023/02/19 13:10:50 logging.go:44: Connecting to MongoDB...
INFO: 2023/02/19 13:10:50 logging.go:44: Successfully connected to MongoDB!
INFO: 2023/02/19 13:10:52 logging.go:44: Making backup...
INFO: 2023/02/19 13:10:52 logging.go:44: Backup complete

New session started at: 2023-02-19T13:14:38+06:00
INFO: 2023/02/19 13:14:38 logging.go:44: Connecting to MongoDB...
INFO: 2023/02/19 13:14:38 logging.go:44: Successfully connected to MongoDB!
INFO: 2023/02/19 13:14:40 logging.go:44: Making backup...
INFO: 2023/02/19 13:14:40 logging.go:44: Backup complete

New session started at: 2023-02-19T13:15:21+06:00
INFO: 2023/02/19 13:15:21 logging.go:44: Connecting to MongoDB...
INFO: 2023/02/19 13:15:21 logging.go:44: Successfully connected to MongoDB!
INFO: 2023/02/19 13:15:23 logging.go:44: Making backup...
INFO: 2023/02/19 13:15:23 logging.go:44: Backup complete

New session started at: 2023-02-19T13:15:44+06:00
INFO: 2023/02/19 13:15:44 logging.go:44: Connecting to MongoDB...
INFO: 2023/02/19 13:15:44 logging.go:44: Successfully connected to MongoDB!
INFO: 2023/02/19 13:15:46 logging.go:44: Making backup...
INFO: 2023/02/19 13:15:46 logging.go:44: Backup complete

New session started at: 2023-02-19T13:16:26+06:00
INFO: 2023/02/19 13:16:26 logging.go:44: Connecting to MongoDB...
INFO: 2023/02/19 13:16:26 logging.go:44: Successfully connected to MongoDB!
INFO: 2023/02/19 13:16:28 logging.go:44: Making backup...
INFO: 2023/02/19 13:16:28 logging.go:44: Backup complete

New session started at: 2023-02-19T13:16:46+06:00
INFO: 2023/02/19 13:16:46 logging.go:44: Connecting to MongoDB...
INFO: 2023/02/19 13:16:46 logging.go:44: Successfully connected to MongoDB!
INFO: 2023/02/19 13:16:48 logging.go:44: Making backup...
INFO: 2023/02/19 13:16:48 logging.go:44: Backup complete

New session started at: 2023-02-19T13:22:39+06:00
INFO: 2023/02/19 13:22:39 logging.go:44: Connecting to MongoDB...
INFO: 2023/02/19 13:22:39 logging.go:44: Successfully connected to MongoDB!
INFO: 2023/02/19 13:23:09 logging.go:44: Making backup...
INFO: 2023/02/19 13:23:09 logging.go:44: Backup complete

New session started at: 2023-02-19T13:24:23+06:00
INFO: 2023/02/19 13:24:23 logging.go:44: Connecting to MongoDB...
INFO: 2023/02/19 13:24:23 logging.go:44: Successfully connected to MongoDB!
INFO: 2023/02/19 13:24:28 logging.go:44: Making backup...
INFO: 2023/02/19 13:24:28 logging.go:44: Backup complete

New session started at: 2023-02-19T13:27:36+06:00
INFO: 2023/02/19 13:27:36 logging.go:44: Connecting to MongoDB...
INFO: 2023/02/19 13:27:36 logging.go:44: Successfully connected to MongoDB!
INFO: 2023/02/19 13:27:39 logging.go:44: Making backup...
INFO: 2023/02/19 13:27:39 logging.go:44: Backup complete

New session started at: 2023-02-27T19:02:10+06:00
INFO: 2023/02/27 19:02:10 logging.go:44: Connecting to MongoDB...
INFO: 2023/02/27 19:02:10 logging.go:44: Successfully connected to MongoDB!
INFO: 2023/02/27 19:03:05 logging.go:44: Shutting down server...
INFO: 2023/02/27 19:03:10 logging.go:44: Running cleanning up tasks...

New session started at: 2023-02-27T19:10:10+06:00
INFO: 2023/02/27 19:10:10 logging.go:44: Connecting to MongoDB...
INFO: 2023/02/27 19:10:10 logging.go:44: Successfully connected to MongoDB!
INFO: 2023/02/27 19:10:19 logging.go:44: Shutting down server...
INFO: 2023/02/27 19:10:21 logging.go:44: Running cleanning up tasks...

New session started at: 2023-02-27T19:10:25+06:00
INFO: 2023/02/27 19:10:25 logging.go:44: Connecting to MongoDB...
INFO: 2023/02/27 19:10:25 logging.go:44: Successfully connected to MongoDB!

New session started at: 2023-02-27T19:14:05+06:00
INFO: 2023/02/27 19:14:05 logging.go:44: Connecting to MongoDB...
INFO: 2023/02/27 19:14:05 logging.go:44: Successfully connected to MongoDB!

New session started at: 2023-02-27T19:16:35+06:00
INFO: 2023/02/27 19:16:35 logging.go:44: Connecting to MongoDB...
INFO: 2023/02/27 19:16:35 logging.go:44: Successfully connected to MongoDB!
INFO: 2023/02/27 19:21:21 logging.go:44: Shutting down server...
INFO: 2023/02/27 19:21:23 logging.go:44: Running cleanning up tasks...

New session started at: 2023-02-27T19:21:27+06:00
INFO: 2023/02/27 19:21:27 logging.go:44: Connecting to MongoDB...
INFO: 2023/02/27 19:21:27 logging.go:44: Successfully connected to MongoDB!
INFO: 2023/02/27 19:37:24 logging.go:44: Shutting down server...
INFO: 2023/02/27 19:37:27 logging.go:44: Running cleanning up tasks...

New session started at: 2023-02-27T19:37:33+06:00
INFO: 2023/02/27 19:37:33 logging.go:44: Connecting to MongoDB...
INFO: 2023/02/27 19:37:33 logging.go:44: Successfully connected to MongoDB!
INFO: 2023/02/27 19:38:34 logging.go:44: Shutting down server...
INFO: 2023/02/27 19:38:37 logging.go:44: Running cleanning up tasks...

New session started at: 2023-02-27T19:38:39+06:00
INFO: 2023/02/27 19:38:39 logging.go:44: Connecting to MongoDB...
INFO: 2023/02/27 19:38:39 logging.go:44: Successfully connected to MongoDB!
INFO: 2023/02/27 19:39:11 logging.go:44: Shutting down server...
INFO: 2023/02/27 19:39:12 logging.go:44: Running cleanning up tasks...

New session started at: 2023-02-27T19:39:15+06:00
INFO: 2023/02/27 19:39:15 logging.go:44: Connecting to MongoDB...
INFO: 2023/02/27 19:39:15 logging.go:44: Successfully connected to MongoDB!

New session started at: 2023-02-27T19:47:58+06:00
INFO: 2023/02/27 19:47:58 logging.go:44: Connecting to MongoDB...
INFO: 2023/02/27 19:47:59 logging.go:44: Successfully connected to MongoDB!
INFO: 2023/02/27 20:00:14 logging.go:44: Shutting down server...
INFO: 2023/02/27 20:00:15 logging.go:44: Running cleanning up tasks...

New session started at: 2023-02-27T20:00:29+06:00
INFO: 2023/02/27 20:00:29 logging.go:44: Connecting to MongoDB...
INFO: 2023/02/27 20:00:29 logging.go:44: Successfully connected to MongoDB!
INFO: 2023/02/27 20:27:27 logging.go:44: Shutting down server...
INFO: 2023/02/27 20:27:28 logging.go:44: Running cleanning up tasks...

New session started at: 2023-02-27T20:27:38+06:00
INFO: 2023/02/27 20:27:38 logging.go:44: Connecting to MongoDB...
INFO: 2023/02/27 20:27:38 logging.go:44: Successfully connected to MongoDB!
INFO: 2023/02/27 20:30:42 logging.go:44: Shutting down server...
INFO: 2023/02/27 20:30:43 logging.go:44: Backup created successfully
INFO: 2023/02/27 20:30:43 logging.go:44: Running cleanning up tasks...

New session started at: 2023-03-07T19:30:23+06:00
INFO: 2023/03/07 19:30:23 logging.go:44: Connecting to MongoDB...
INFO: 2023/03/07 19:30:23 logging.go:44: Successfully connected to MongoDB!

New session started at: 2023-03-07T19:46:54+06:00
INFO: 2023/03/07 19:46:54 logging.go:44: Connecting to MongoDB...
INFO: 2023/03/07 19:46:54 logging.go:44: Successfully connected to MongoDB!

New session started at: 2023-03-08T16:33:49+06:00
INFO: 2023/03/08 16:33:49 logging.go:44: Connecting to MongoDB...
INFO: 2023/03/08 16:33:49 logging.go:44: Successfully connected to MongoDB!
INFO: 2023/03/08 17:27:24 logging.go:44: Shutting down server...
INFO: 2023/03/08 17:27:29 logging.go:44: Running cleanning up tasks...

New session started at: 2023-03-08T22:01:33+06:00
INFO: 2023/03/08 22:01:33 logging.go:44: Connecting to MongoDB...
INFO: 2023/03/08 22:01:33 logging.go:44: Successfully connected to MongoDB!
INFO: 2023/03/08 22:08:32 logging.go:44: Shutting down server...
INFO: 2023/03/08 22:08:34 logging.go:44: Running cleanning up tasks...

New session started at: 2023-03-08T22:08:37+06:00
INFO: 2023/03/08 22:08:37 logging.go:44: Connecting to MongoDB...
INFO: 2023/03/08 22:08:37 logging.go:44: Successfully connected to MongoDB!
INFO: 2023/03/08 22:55:32 logging.go:44: Shutting down server...
INFO: 2023/03/08 22:55:34 logging.go:44: Running cleanning up tasks...

New session started at: 2023-03-09T18:28:21+06:00
INFO: 2023/03/09 18:28:21 logging.go:44: Connecting to MongoDB...
INFO: 2023/03/09 18:28:21 logging.go:44: Successfully connected to MongoDB!
INFO: 2023/03/09 18:28:21 logging.go:44: Created index name_text
INFO: 2023/03/09 18:31:51 logging.go:44: Shutting down server...
INFO: 2023/03/09 18:31:52 logging.go:44: Running cleanning up tasks...

New session started at: 2023-03-09T18:31:56+06:00
INFO: 2023/03/09 18:31:56 logging.go:44: Connecting to MongoDB...
INFO: 2023/03/09 18:31:56 logging.go:44: Successfully connected to MongoDB!
INFO: 2023/03/09 18:31:56 logging.go:44: Created index name_text
INFO: 2023/03/09 18:37:09 logging.go:44: Shutting down server...
INFO: 2023/03/09 18:37:10 logging.go:44: Running cleanning up tasks...

New session started at: 2023-03-09T18:37:31+06:00
INFO: 2023/03/09 18:37:31 logging.go:44: Connecting to MongoDB...
INFO: 2023/03/09 18:37:31 logging.go:44: Successfully connected to MongoDB!
INFO: 2023/03/09 18:37:31 logging.go:44: Created index name_text
INFO: 2023/03/09 18:39:36 logging.go:44: Shutting down server...
INFO: 2023/03/09 18:39:38 logging.go:44: Running cleanning up tasks...

New session started at: 2023-03-09T18:45:51+06:00
INFO: 2023/03/09 18:45:51 logging.go:44: Connecting to MongoDB...
INFO: 2023/03/09 18:45:51 logging.go:44: Successfully connected to MongoDB!
INFO: 2023/03/09 18:45:51 logging.go:44: Created index name_text
INFO: 2023/03/09 18:49:12 logging.go:44: Shutting down server...
INFO: 2023/03/09 18:49:13 logging.go:44: Running cleanning up tasks...

New session started at: 2023-03-09T18:49:25+06:00
INFO: 2023/03/09 18:49:25 logging.go:44: Connecting to MongoDB...
INFO: 2023/03/09 18:49:25 logging.go:44: Successfully connected to MongoDB!
INFO: 2023/03/09 18:49:25 logging.go:44: Created index name_text
INFO: 2023/03/09 18:51:09 logging.go:44: Shutting down server...
INFO: 2023/03/09 18:51:11 logging.go:44: Running cleanning up tasks...

New session started at: 2023-03-09T18:51:20+06:00
INFO: 2023/03/09 18:51:20 logging.go:44: Connecting to MongoDB...
INFO: 2023/03/09 18:51:20 logging.go:44: Successfully connected to MongoDB!
INFO: 2023/03/09 18:51:20 logging.go:44: Created index name_text
INFO: 2023/03/09 19:45:19 logging.go:44: Shutting down server...
INFO: 2023/03/09 19:45:20 logging.go:44: Running cleanning up tasks...

New session started at: 2023-03-09T19:48:26+06:00
INFO: 2023/03/09 19:48:26 logging.go:44: Connecting to MongoDB...
INFO: 2023/03/09 19:48:26 logging.go:44: Successfully connected to MongoDB!
INFO: 2023/03/09 19:48:26 logging.go:44: Created index name_text
INFO: 2023/03/09 20:04:43 logging.go:44: Shutting down server...
INFO: 2023/03/09 20:04:45 logging.go:44: Running cleanning up tasks...

New session started at: 2023-03-12T12:20:21+06:00
INFO: 2023/03/12 12:20:21 logging.go:44: Connecting to MongoDB...
INFO: 2023/03/12 12:20:21 logging.go:44: Successfully connected to MongoDB!
INFO: 2023/03/12 12:20:21 logging.go:44: Created index name_text
INFO: 2023/03/12 12:35:53 logging.go:44: Shutting down server...
INFO: 2023/03/12 12:36:05 logging.go:44: Backup created successfully
INFO: 2023/03/12 12:36:05 logging.go:44: Running cleanning up tasks...
