
New session started at: 2023-02-19T13:10:28+06:00
WARNING: 2023/02/19 13:10:28 logging.go:48: Collection wiki already exists
WARNING: 2023/02/19 13:10:28 logging.go:48: Collection service_masters already exists
WARNING: 2023/02/19 13:10:28 logging.go:48: Collection news already exists
WARNING: 2023/02/19 13:10:28 logging.go:48: Collection users already exists
WARNING: 2023/02/19 13:10:28 logging.go:48: Collection purchase_history already exists
WARNING: 2023/02/19 13:10:28 logging.go:48: Collection products already exists

New session started at: 2023-02-19T13:10:50+06:00
WARNING: 2023/02/19 13:10:50 logging.go:48: Collection service_masters already exists
WARNING: 2023/02/19 13:10:50 logging.go:48: Collection users already exists
WARNING: 2023/02/19 13:10:50 logging.go:48: Collection products already exists
WARNING: 2023/02/19 13:10:50 logging.go:48: Collection wiki already exists
WARNING: 2023/02/19 13:10:50 logging.go:48: Collection purchase_history already exists
WARNING: 2023/02/19 13:10:50 logging.go:48: Collection news already exists

New session started at: 2023-02-19T13:14:38+06:00
WARNING: 2023/02/19 13:14:38 logging.go:48: Collection products already exists
WARNING: 2023/02/19 13:14:38 logging.go:48: Collection service_masters already exists
WARNING: 2023/02/19 13:14:38 logging.go:48: Collection wiki already exists
WARNING: 2023/02/19 13:14:38 logging.go:48: Collection purchase_history already exists
WARNING: 2023/02/19 13:14:38 logging.go:48: Collection users already exists
WARNING: 2023/02/19 13:14:38 logging.go:48: Collection news already exists

New session started at: 2023-02-19T13:15:21+06:00
WARNING: 2023/02/19 13:15:21 logging.go:48: Collection users already exists
WARNING: 2023/02/19 13:15:21 logging.go:48: Collection news already exists
WARNING: 2023/02/19 13:15:21 logging.go:48: Collection wiki already exists
WARNING: 2023/02/19 13:15:21 logging.go:48: Collection purchase_history already exists
WARNING: 2023/02/19 13:15:21 logging.go:48: Collection products already exists
WARNING: 2023/02/19 13:15:21 logging.go:48: Collection service_masters already exists

New session started at: 2023-02-19T13:15:44+06:00
WARNING: 2023/02/19 13:15:44 logging.go:48: Collection news already exists
WARNING: 2023/02/19 13:15:44 logging.go:48: Collection products already exists
WARNING: 2023/02/19 13:15:44 logging.go:48: Collection users already exists
WARNING: 2023/02/19 13:15:44 logging.go:48: Collection wiki already exists
WARNING: 2023/02/19 13:15:44 logging.go:48: Collection purchase_history already exists
WARNING: 2023/02/19 13:15:44 logging.go:48: Collection service_masters already exists

New session started at: 2023-02-19T13:16:26+06:00
WARNING: 2023/02/19 13:16:26 logging.go:48: Collection wiki already exists
WARNING: 2023/02/19 13:16:26 logging.go:48: Collection news already exists
WARNING: 2023/02/19 13:16:26 logging.go:48: Collection products already exists
WARNING: 2023/02/19 13:16:26 logging.go:48: Collection service_masters already exists
WARNING: 2023/02/19 13:16:26 logging.go:48: Collection purchase_history already exists
WARNING: 2023/02/19 13:16:26 logging.go:48: Collection users already exists

New session started at: 2023-02-19T13:16:46+06:00
WARNING: 2023/02/19 13:16:46 logging.go:48: Collection users already exists
WARNING: 2023/02/19 13:16:46 logging.go:48: Collection wiki already exists
WARNING: 2023/02/19 13:16:46 logging.go:48: Collection service_masters already exists
WARNING: 2023/02/19 13:16:46 logging.go:48: Collection news already exists
WARNING: 2023/02/19 13:16:46 logging.go:48: Collection purchase_history already exists
WARNING: 2023/02/19 13:16:46 logging.go:48: Collection products already exists

New session started at: 2023-02-19T13:22:39+06:00
WARNING: 2023/02/19 13:22:39 logging.go:48: Collection products already exists
WARNING: 2023/02/19 13:22:39 logging.go:48: Collection wiki already exists
WARNING: 2023/02/19 13:22:39 logging.go:48: Collection users already exists
WARNING: 2023/02/19 13:22:39 logging.go:48: Collection purchase_history already exists
WARNING: 2023/02/19 13:22:39 logging.go:48: Collection service_masters already exists
WARNING: 2023/02/19 13:22:39 logging.go:48: Collection news already exists

New session started at: 2023-02-19T13:24:23+06:00
WARNING: 2023/02/19 13:24:23 logging.go:48: Collection news already exists
WARNING: 2023/02/19 13:24:23 logging.go:48: Collection users already exists
WARNING: 2023/02/19 13:24:23 logging.go:48: Collection service_masters already exists
WARNING: 2023/02/19 13:24:23 logging.go:48: Collection purchase_history already exists
WARNING: 2023/02/19 13:24:23 logging.go:48: Collection wiki already exists
WARNING: 2023/02/19 13:24:23 logging.go:48: Collection products already exists

New session started at: 2023-02-19T13:27:36+06:00
WARNING: 2023/02/19 13:27:36 logging.go:48: Collection wiki already exists
WARNING: 2023/02/19 13:27:36 logging.go:48: Collection news already exists
WARNING: 2023/02/19 13:27:36 logging.go:48: Collection users already exists
WARNING: 2023/02/19 13:27:36 logging.go:48: Collection purchase_history already exists
WARNING: 2023/02/19 13:27:36 logging.go:48: Collection service_masters already exists
WARNING: 2023/02/19 13:27:36 logging.go:48: Collection products already exists

New session started at: 2023-02-27T19:02:10+06:00
WARNING: 2023/02/27 19:02:10 logging.go:48: Collection wiki already exists
WARNING: 2023/02/27 19:02:10 logging.go:48: Collection service_masters already exists
WARNING: 2023/02/27 19:02:10 logging.go:48: Collection purchase_history already exists
WARNING: 2023/02/27 19:02:10 logging.go:48: Collection news already exists
WARNING: 2023/02/27 19:02:10 logging.go:48: Collection users already exists
WARNING: 2023/02/27 19:02:10 logging.go:48: Collection products already exists

New session started at: 2023-02-27T19:10:10+06:00
WARNING: 2023/02/27 19:10:10 logging.go:48: Collection products already exists
WARNING: 2023/02/27 19:10:10 logging.go:48: Collection news already exists
WARNING: 2023/02/27 19:10:10 logging.go:48: Collection service_masters already exists
WARNING: 2023/02/27 19:10:10 logging.go:48: Collection purchase_history already exists
WARNING: 2023/02/27 19:10:10 logging.go:48: Collection wiki already exists
WARNING: 2023/02/27 19:10:10 logging.go:48: Collection users already exists

New session started at: 2023-02-27T19:10:25+06:00
WARNING: 2023/02/27 19:10:25 logging.go:48: Collection users already exists
WARNING: 2023/02/27 19:10:25 logging.go:48: Collection wiki already exists
WARNING: 2023/02/27 19:10:25 logging.go:48: Collection news already exists
WARNING: 2023/02/27 19:10:25 logging.go:48: Collection service_masters already exists
WARNING: 2023/02/27 19:10:25 logging.go:48: Collection products already exists
WARNING: 2023/02/27 19:10:25 logging.go:48: Collection purchase_history already exists

New session started at: 2023-02-27T19:14:05+06:00
WARNING: 2023/02/27 19:14:05 logging.go:48: Database does not exist, creating new database:  demo

New session started at: 2023-02-27T19:16:35+06:00
WARNING: 2023/02/27 19:16:35 logging.go:48: Database does not exist, creating new database:  demo

New session started at: 2023-02-27T19:21:27+06:00
WARNING: 2023/02/27 19:21:27 logging.go:48: Collection products already exists
WARNING: 2023/02/27 19:21:27 logging.go:48: Collection wiki already exists
WARNING: 2023/02/27 19:21:27 logging.go:48: Collection service_masters already exists
WARNING: 2023/02/27 19:21:27 logging.go:48: Collection users already exists
WARNING: 2023/02/27 19:21:27 logging.go:48: Collection news already exists
WARNING: 2023/02/27 19:21:27 logging.go:48: Collection purchase_history already exists

New session started at: 2023-02-27T19:37:33+06:00
WARNING: 2023/02/27 19:37:33 logging.go:48: Collection news already exists
WARNING: 2023/02/27 19:37:33 logging.go:48: Collection products already exists
WARNING: 2023/02/27 19:37:33 logging.go:48: Collection users already exists
WARNING: 2023/02/27 19:37:33 logging.go:48: Collection wiki already exists
WARNING: 2023/02/27 19:37:33 logging.go:48: Collection purchase_history already exists
WARNING: 2023/02/27 19:37:33 logging.go:48: Collection service_masters already exists

New session started at: 2023-02-27T19:38:39+06:00
WARNING: 2023/02/27 19:38:39 logging.go:48: Collection wiki already exists
WARNING: 2023/02/27 19:38:39 logging.go:48: Collection service_masters already exists
WARNING: 2023/02/27 19:38:39 logging.go:48: Collection products already exists
WARNING: 2023/02/27 19:38:39 logging.go:48: Collection users already exists
WARNING: 2023/02/27 19:38:39 logging.go:48: Collection purchase_history already exists
WARNING: 2023/02/27 19:38:39 logging.go:48: Collection news already exists

New session started at: 2023-02-27T19:39:15+06:00
WARNING: 2023/02/27 19:39:15 logging.go:48: Collection products already exists
WARNING: 2023/02/27 19:39:15 logging.go:48: Collection wiki already exists
WARNING: 2023/02/27 19:39:15 logging.go:48: Collection users already exists
WARNING: 2023/02/27 19:39:15 logging.go:48: Collection service_masters already exists
WARNING: 2023/02/27 19:39:15 logging.go:48: Collection news already exists
WARNING: 2023/02/27 19:39:15 logging.go:48: Collection purchase_history already exists

New session started at: 2023-02-27T19:47:58+06:00
WARNING: 2023/02/27 19:47:58 logging.go:48: Database does not exist, creating new database:  demo

New session started at: 2023-02-27T20:00:29+06:00
WARNING: 2023/02/27 20:00:29 logging.go:48: Database does not exist, creating new database:  demo

New session started at: 2023-02-27T20:27:38+06:00
WARNING: 2023/02/27 20:27:38 logging.go:48: Database does not exist, creating new database:  demo

New session started at: 2023-03-07T19:30:23+06:00
WARNING: 2023/03/07 19:30:23 logging.go:48: Database does not exist, creating new database:  demo

New session started at: 2023-03-07T19:46:54+06:00
WARNING: 2023/03/07 19:46:54 logging.go:48: Collection users already exists
WARNING: 2023/03/07 19:46:54 logging.go:48: Collection products already exists
WARNING: 2023/03/07 19:46:54 logging.go:48: Collection purchase_history already exists
WARNING: 2023/03/07 19:46:54 logging.go:48: Collection news already exists
WARNING: 2023/03/07 19:46:54 logging.go:48: Collection service_masters already exists
WARNING: 2023/03/07 19:46:54 logging.go:48: Collection wiki already exists
WARNING: 2023/03/07 20:28:18 logging.go:48: This product not found: mongo: no documents in result
WARNING: 2023/03/07 20:28:18 logging.go:48: This product not found: mongo: no documents in result
WARNING: 2023/03/07 20:36:39 logging.go:48: This product not found: mongo: no documents in result
WARNING: 2023/03/07 20:36:39 logging.go:48: This product not found: mongo: no documents in result

New session started at: 2023-03-08T16:33:49+06:00
WARNING: 2023/03/08 16:33:49 logging.go:48: Collection products already exists
WARNING: 2023/03/08 16:33:49 logging.go:48: Collection users already exists
WARNING: 2023/03/08 16:33:49 logging.go:48: Collection wiki already exists
WARNING: 2023/03/08 16:33:49 logging.go:48: Collection news already exists
WARNING: 2023/03/08 16:33:49 logging.go:48: Collection service_masters already exists
WARNING: 2023/03/08 16:33:49 logging.go:48: Collection purchase_history already exists

New session started at: 2023-03-08T22:01:33+06:00
WARNING: 2023/03/08 22:01:33 logging.go:48: Database does not exist, creating new database:  demo

New session started at: 2023-03-08T22:08:37+06:00
WARNING: 2023/03/08 22:08:37 logging.go:48: Collection wiki already exists
WARNING: 2023/03/08 22:08:37 logging.go:48: Collection users already exists
WARNING: 2023/03/08 22:08:37 logging.go:48: Collection news already exists
WARNING: 2023/03/08 22:08:37 logging.go:48: Collection products already exists
WARNING: 2023/03/08 22:08:37 logging.go:48: Collection service_masters already exists
WARNING: 2023/03/08 22:08:37 logging.go:48: Collection purchase_history already exists

New session started at: 2023-03-09T18:28:21+06:00
WARNING: 2023/03/09 18:28:21 logging.go:48: Collection service_masters already exists
WARNING: 2023/03/09 18:28:21 logging.go:48: Collection news already exists
WARNING: 2023/03/09 18:28:21 logging.go:48: Collection purchase_history already exists
WARNING: 2023/03/09 18:28:21 logging.go:48: Collection wiki already exists
WARNING: 2023/03/09 18:28:21 logging.go:48: Collection users already exists
WARNING: 2023/03/09 18:28:21 logging.go:48: Collection products already exists

New session started at: 2023-03-09T18:31:56+06:00
WARNING: 2023/03/09 18:31:56 logging.go:48: Collection users already exists
WARNING: 2023/03/09 18:31:56 logging.go:48: Collection products already exists
WARNING: 2023/03/09 18:31:56 logging.go:48: Collection news already exists
WARNING: 2023/03/09 18:31:56 logging.go:48: Collection service_masters already exists
WARNING: 2023/03/09 18:31:56 logging.go:48: Collection wiki already exists
WARNING: 2023/03/09 18:31:56 logging.go:48: Collection purchase_history already exists

New session started at: 2023-03-09T18:37:31+06:00
WARNING: 2023/03/09 18:37:31 logging.go:48: Collection wiki already exists
WARNING: 2023/03/09 18:37:31 logging.go:48: Collection users already exists
WARNING: 2023/03/09 18:37:31 logging.go:48: Collection news already exists
WARNING: 2023/03/09 18:37:31 logging.go:48: Collection products already exists
WARNING: 2023/03/09 18:37:31 logging.go:48: Collection purchase_history already exists
WARNING: 2023/03/09 18:37:31 logging.go:48: Collection service_masters already exists

New session started at: 2023-03-09T18:45:51+06:00
WARNING: 2023/03/09 18:45:51 logging.go:48: Collection news already exists
WARNING: 2023/03/09 18:45:51 logging.go:48: Collection wiki already exists
WARNING: 2023/03/09 18:45:51 logging.go:48: Collection service_masters already exists
WARNING: 2023/03/09 18:45:51 logging.go:48: Collection purchase_history already exists
WARNING: 2023/03/09 18:45:51 logging.go:48: Collection products already exists
WARNING: 2023/03/09 18:45:51 logging.go:48: Collection users already exists

New session started at: 2023-03-09T18:49:25+06:00
WARNING: 2023/03/09 18:49:25 logging.go:48: Collection users already exists
WARNING: 2023/03/09 18:49:25 logging.go:48: Collection news already exists
WARNING: 2023/03/09 18:49:25 logging.go:48: Collection products already exists
WARNING: 2023/03/09 18:49:25 logging.go:48: Collection wiki already exists
WARNING: 2023/03/09 18:49:25 logging.go:48: Collection purchase_history already exists
WARNING: 2023/03/09 18:49:25 logging.go:48: Collection service_masters already exists

New session started at: 2023-03-09T18:51:20+06:00
WARNING: 2023/03/09 18:51:20 logging.go:48: Collection wiki already exists
WARNING: 2023/03/09 18:51:20 logging.go:48: Collection users already exists
WARNING: 2023/03/09 18:51:20 logging.go:48: Collection news already exists
WARNING: 2023/03/09 18:51:20 logging.go:48: Collection purchase_history already exists
WARNING: 2023/03/09 18:51:20 logging.go:48: Collection service_masters already exists
WARNING: 2023/03/09 18:51:20 logging.go:48: Collection products already exists

New session started at: 2023-03-09T19:48:26+06:00
WARNING: 2023/03/09 19:48:26 logging.go:48: Collection users already exists
WARNING: 2023/03/09 19:48:26 logging.go:48: Collection wiki already exists
WARNING: 2023/03/09 19:48:26 logging.go:48: Collection purchase_history already exists
WARNING: 2023/03/09 19:48:26 logging.go:48: Collection products already exists
WARNING: 2023/03/09 19:48:26 logging.go:48: Collection service_masters already exists
WARNING: 2023/03/09 19:48:26 logging.go:48: Collection news already exists

New session started at: 2023-03-12T12:20:21+06:00
WARNING: 2023/03/12 12:20:21 logging.go:48: Collection news already exists
WARNING: 2023/03/12 12:20:21 logging.go:48: Collection products already exists
WARNING: 2023/03/12 12:20:21 logging.go:48: Collection purchase_history already exists
WARNING: 2023/03/12 12:20:21 logging.go:48: Collection users already exists
WARNING: 2023/03/12 12:20:21 logging.go:48: Collection service_masters already exists
WARNING: 2023/03/12 12:20:21 logging.go:48: Collection wiki already exists
